
-------
26/19/2022 17:19:11
-------

create schema CouponSystem 
use CouponSystem 
create table Companies(
ID int primary key auto_increment, 
name varchar(255),
email varchar(255), 
password varchar(255)
) 
create table Customers(
ID int primary key auto_increment,
First_Name varchar(255),
Last_Name varchar(255),
Email varchar(255),
password varchar(255)
) 
create table Categories(
ID int primary key auto_increment,
Name varchar(255),
Category enum('Food', 'Electricity', 'Restaurants', 'Vacations')
) 
insert into Categories values(1, 'Food', 'Food') 
insert into Categories values(2, 'Electricity', 'Electricity') 
insert into Categories values(3, 'Restaurants', 'Restaurants') 
insert into Categories values(4, 'Vacations', 'Vacations') 
create table Coupons(
ID int primary key auto_increment,
Company_ID int NOT NULL,
foreign key (Company_ID) references Companies(ID),
Category_ID int NOT NULL,
foreign key (Category_ID) references Categories(ID),
Title varchar(255),
Description varchar(255),
Start_Date date,
End_Date date,
Amount integer,
Price double,
Image varchar(255)
) 
create table Customers_VS_Coupons(
Customer_id int NOT NULL,
foreign key (Customer_id) references Customers(ID),
Coupon_id int NOT NULL,
foreign key (Coupon_id) references Coupons(ID)
) 

-------
26/28/2022 17:28:16
-------

create schema CouponSystem 
use CouponSystem 
create table Companies(
ID int primary key auto_increment, 
name varchar(255),
email varchar(255), 
password varchar(255)
) 
create table Customers(
ID int primary key auto_increment,
First_Name varchar(255),
Last_Name varchar(255),
Email varchar(255),
password varchar(255)
) 
create table Categories(
ID int primary key auto_increment,
Name varchar(255),
Category enum('Food', 'Electricity', 'Restaurants', 'Vacations')
) 
insert into Categories values(1, 'Food', 'Food') 
insert into Categories values(2, 'Electricity', 'Electricity') 
insert into Categories values(3, 'Restaurants', 'Restaurants') 
insert into Categories values(4, 'Vacations', 'Vacations') 
create table Coupons(
ID int primary key auto_increment,
Company_ID int NOT NULL,
foreign key (Company_ID) references Companies(ID),
Category_ID int NOT NULL,
foreign key (Category_ID) references Categories(ID),
Title varchar(255),
Description varchar(255),
Start_Date date,
End_Date date,
Amount integer,
Price double,
Image varchar(255)
) 
create table Customers_VS_Coupons(
Customer_id int NOT NULL,
foreign key (Customer_id) references Customers(ID),
Coupon_id int NOT NULL,
foreign key (Coupon_id) references Coupons(ID)
) 

-------
26/16/2022 18:16:20
-------

create schema CouponSystem 
use CouponSystem 
create table Companies(
ID int primary key auto_increment, 
name varchar(255),
email varchar(255), 
password varchar(255)
) 
create table Customers(
ID int primary key auto_increment,
First_Name varchar(255),
Last_Name varchar(255),
Email varchar(255),
password varchar(255)
) 
create table Categories(
ID int primary key auto_increment,
Name varchar(255),
Category enum('Food', 'Electricity', 'Restaurants', 'Vacations')
) 
insert into Categories values(1, 'Food', 'Food') 
insert into Categories values(2, 'Electricity', 'Electricity') 
insert into Categories values(3, 'Restaurants', 'Restaurants') 
insert into Categories values(4, 'Vacations', 'Vacations') 
create table Coupons(
ID int primary key auto_increment,
Company_ID int NOT NULL,
foreign key (Company_ID) references Companies(ID),
Category_ID int NOT NULL,
foreign key (Category_ID) references Categories(ID),
Title varchar(255),
Description varchar(255),
Start_Date date,
End_Date date,
Amount integer,
Price double,
Image varchar(255)
) 
create table Customers_VS_Coupons(
Customer_id int NOT NULL,
foreign key (Customer_id) references Customers(ID),
Coupon_id int NOT NULL,
foreign key (Coupon_id) references Coupons(ID)
) 

-------
26/26/2022 18:26:10
-------

create schema CouponSystem 
use CouponSystem 
create table Companies(
ID int primary key auto_increment, 
name varchar(255),
email varchar(255), 
password varchar(255)
) 
create table Customers(
ID int primary key auto_increment,
First_Name varchar(255),
Last_Name varchar(255),
Email varchar(255),
password varchar(255)
) 
create table Categories(
ID int primary key auto_increment,
Name varchar(255),
Category enum('Food', 'Electricity', 'Restaurants', 'Vacations')
) 
insert into Categories values(1, 'Food', 'Food') 
insert into Categories values(2, 'Electricity', 'Electricity') 
insert into Categories values(3, 'Restaurants', 'Restaurants') 
insert into Categories values(4, 'Vacations', 'Vacations') 
create table Coupons(
ID int primary key auto_increment,
Company_ID int NOT NULL,
foreign key (Company_ID) references Companies(ID),
Category_ID int NOT NULL,
foreign key (Category_ID) references Categories(ID),
Title varchar(255),
Description varchar(255),
Start_Date date,
End_Date date,
Amount integer,
Price double,
Image varchar(255)
) 
create table Customers_VS_Coupons(
Customer_id int NOT NULL,
foreign key (Customer_id) references Customers(ID),
Coupon_id int NOT NULL,
foreign key (Coupon_id) references Coupons(ID)
) 

-------
26/30/2022 18:30:37
-------

create schema CouponSystem 
use CouponSystem 
create table Companies(
ID int primary key auto_increment, 
name varchar(255),
email varchar(255), 
password varchar(255)
) 
create table Customers(
ID int primary key auto_increment,
First_Name varchar(255),
Last_Name varchar(255),
Email varchar(255),
password varchar(255)
) 
create table Categories(
ID int primary key auto_increment,
Name varchar(255),
Category enum('Food', 'Electricity', 'Restaurants', 'Vacations')
) 
insert into Categories values(1, 'Food', 'Food') 
insert into Categories values(2, 'Electricity', 'Electricity') 
insert into Categories values(3, 'Restaurants', 'Restaurants') 
insert into Categories values(4, 'Vacations', 'Vacations') 
create table Coupons(
ID int primary key auto_increment,
Company_ID int NOT NULL,
foreign key (Company_ID) references Companies(ID),
Category_ID int NOT NULL,
foreign key (Category_ID) references Categories(ID),
Title varchar(255),
Description varchar(255),
Start_Date date,
End_Date date,
Amount integer,
Price double,
Image varchar(255)
) 
create table Customers_VS_Coupons(
Customer_id int NOT NULL,
foreign key (Customer_id) references Customers(ID),
Coupon_id int NOT NULL,
foreign key (Coupon_id) references Coupons(ID)
) 

-------
26/43/2022 18:43:27
-------

create schema CouponSystem 
use CouponSystem 
create table Companies(
ID int primary key auto_increment, 
name varchar(255),
email varchar(255), 
password varchar(255)
) 
create table Customers(
ID int primary key auto_increment,
First_Name varchar(255),
Last_Name varchar(255),
Email varchar(255),
password varchar(255)
) 
create table Categories(
ID int primary key auto_increment,
Name varchar(255),
Category enum('Food', 'Electricity', 'Restaurants', 'Vacations')
) 
insert into Categories values(1, 'Food', 'Food') 
insert into Categories values(2, 'Electricity', 'Electricity') 
insert into Categories values(3, 'Restaurants', 'Restaurants') 
insert into Categories values(4, 'Vacations', 'Vacations') 
create table Coupons(
ID int primary key auto_increment,
Company_ID int NOT NULL,
foreign key (Company_ID) references Companies(ID),
Category_ID int NOT NULL,
foreign key (Category_ID) references Categories(ID),
Title varchar(255),
Description varchar(255),
Start_Date date,
End_Date date,
Amount integer,
Price double,
Image varchar(255)
) 
create table Customers_VS_Coupons(
Customer_id int NOT NULL,
foreign key (Customer_id) references Customers(ID),
Coupon_id int NOT NULL,
foreign key (Coupon_id) references Coupons(ID)
) 

-------
26/44/2022 18:44:39
-------

create schema CouponSystem 
use CouponSystem 
create table Companies(
ID int primary key auto_increment, 
name varchar(255),
email varchar(255), 
password varchar(255)
) 
create table Customers(
ID int primary key auto_increment,
First_Name varchar(255),
Last_Name varchar(255),
Email varchar(255),
password varchar(255)
) 
create table Categories(
ID int primary key auto_increment,
Name varchar(255),
Category enum('Food', 'Electricity', 'Restaurants', 'Vacations')
) 
insert into Categories values(1, 'Food', 'Food') 
insert into Categories values(2, 'Electricity', 'Electricity') 
insert into Categories values(3, 'Restaurants', 'Restaurants') 
insert into Categories values(4, 'Vacations', 'Vacations') 
create table Coupons(
ID int primary key auto_increment,
Company_ID int NOT NULL,
foreign key (Company_ID) references Companies(ID),
Category_ID int NOT NULL,
foreign key (Category_ID) references Categories(ID),
Title varchar(255),
Description varchar(255),
Start_Date date,
End_Date date,
Amount integer,
Price double,
Image varchar(255)
) 
create table Customers_VS_Coupons(
Customer_id int NOT NULL,
foreign key (Customer_id) references Customers(ID),
Coupon_id int NOT NULL,
foreign key (Coupon_id) references Coupons(ID)
) 

-------
26/45/2022 18:45:55
-------

create schema CouponSystem 
use CouponSystem 
create table Companies(
ID int primary key auto_increment, 
name varchar(255),
email varchar(255), 
password varchar(255)
) 
create table Customers(
ID int primary key auto_increment,
First_Name varchar(255),
Last_Name varchar(255),
Email varchar(255),
password varchar(255)
) 
create table Categories(
ID int primary key auto_increment,
Name varchar(255),
Category enum('Food', 'Electricity', 'Restaurants', 'Vacations')
) 
insert into Categories values(1, 'Food', 'Food') 
insert into Categories values(2, 'Electricity', 'Electricity') 
insert into Categories values(3, 'Restaurants', 'Restaurants') 
insert into Categories values(4, 'Vacations', 'Vacations') 
create table Coupons(
ID int primary key auto_increment,
Company_ID int NOT NULL,
foreign key (Company_ID) references Companies(ID),
Category_ID int NOT NULL,
foreign key (Category_ID) references Categories(ID),
Title varchar(255),
Description varchar(255),
Start_Date date,
End_Date date,
Amount integer,
Price double,
Image varchar(255)
) 
create table Customers_VS_Coupons(
Customer_id int NOT NULL,
foreign key (Customer_id) references Customers(ID),
Coupon_id int NOT NULL,
foreign key (Coupon_id) references Coupons(ID)
) 

-------
26/47/2022 18:47:56
-------

create schema CouponSystem 
use CouponSystem 
create table Companies(
ID int primary key auto_increment, 
name varchar(255),
email varchar(255), 
password varchar(255)
) 
create table Customers(
ID int primary key auto_increment,
First_Name varchar(255),
Last_Name varchar(255),
Email varchar(255),
password varchar(255)
) 
create table Categories(
ID int primary key auto_increment,
Name varchar(255),
Category enum('Food', 'Electricity', 'Restaurants', 'Vacations')
) 
insert into Categories values(1, 'Food', 'Food') 
insert into Categories values(2, 'Electricity', 'Electricity') 
insert into Categories values(3, 'Restaurants', 'Restaurants') 
insert into Categories values(4, 'Vacations', 'Vacations') 
create table Coupons(
ID int primary key auto_increment,
Company_ID int NOT NULL,
foreign key (Company_ID) references Companies(ID),
Category_ID int NOT NULL,
foreign key (Category_ID) references Categories(ID),
Title varchar(255),
Description varchar(255),
Start_Date date,
End_Date date,
Amount integer,
Price double,
Image varchar(255)
) 
create table Customers_VS_Coupons(
Customer_id int NOT NULL,
foreign key (Customer_id) references Customers(ID),
Coupon_id int NOT NULL,
foreign key (Coupon_id) references Coupons(ID)
) 

-------
26/48/2022 18:48:37
-------

create schema CouponSystem 
use CouponSystem 
create table Companies(
ID int primary key auto_increment, 
name varchar(255),
email varchar(255), 
password varchar(255)
) 
create table Customers(
ID int primary key auto_increment,
First_Name varchar(255),
Last_Name varchar(255),
Email varchar(255),
password varchar(255)
) 
create table Categories(
ID int primary key auto_increment,
Name varchar(255),
Category enum('Food', 'Electricity', 'Restaurants', 'Vacations')
) 
insert into Categories values(1, 'Food', 'Food') 
insert into Categories values(2, 'Electricity', 'Electricity') 
insert into Categories values(3, 'Restaurants', 'Restaurants') 
insert into Categories values(4, 'Vacations', 'Vacations') 
create table Coupons(
ID int primary key auto_increment,
Company_ID int NOT NULL,
foreign key (Company_ID) references Companies(ID),
Category_ID int NOT NULL,
foreign key (Category_ID) references Categories(ID),
Title varchar(255),
Description varchar(255),
Start_Date date,
End_Date date,
Amount integer,
Price double,
Image varchar(255)
) 
create table Customers_VS_Coupons(
Customer_id int NOT NULL,
foreign key (Customer_id) references Customers(ID),
Coupon_id int NOT NULL,
foreign key (Coupon_id) references Coupons(ID)
) 

-------
26/50/2022 18:50:24
-------

create schema CouponSystem 
use CouponSystem 
create table Companies(
ID int primary key auto_increment, 
name varchar(255),
email varchar(255), 
password varchar(255)
) 
create table Customers(
ID int primary key auto_increment,
First_Name varchar(255),
Last_Name varchar(255),
Email varchar(255),
password varchar(255)
) 
create table Categories(
ID int primary key auto_increment,
Name varchar(255),
Category enum('Food', 'Electricity', 'Restaurants', 'Vacations')
) 
insert into Categories values(1, 'Food', 'Food') 
insert into Categories values(2, 'Electricity', 'Electricity') 
insert into Categories values(3, 'Restaurants', 'Restaurants') 
insert into Categories values(4, 'Vacations', 'Vacations') 
create table Coupons(
ID int primary key auto_increment,
Company_ID int NOT NULL,
foreign key (Company_ID) references Companies(ID),
Category_ID int NOT NULL,
foreign key (Category_ID) references Categories(ID),
Title varchar(255),
Description varchar(255),
Start_Date date,
End_Date date,
Amount integer,
Price double,
Image varchar(255)
) 
create table Customers_VS_Coupons(
Customer_id int NOT NULL,
foreign key (Customer_id) references Customers(ID),
Coupon_id int NOT NULL,
foreign key (Coupon_id) references Coupons(ID)
) 

-------
26/52/2022 18:52:30
-------

create schema CouponSystem 
use CouponSystem 
create table Companies(
ID int primary key auto_increment, 
name varchar(255),
email varchar(255), 
password varchar(255)
) 
create table Customers(
ID int primary key auto_increment,
First_Name varchar(255),
Last_Name varchar(255),
Email varchar(255),
password varchar(255)
) 
create table Categories(
ID int primary key auto_increment,
Name varchar(255),
Category enum('Food', 'Electricity', 'Restaurants', 'Vacations')
) 
insert into Categories values(1, 'Food', 'Food') 
insert into Categories values(2, 'Electricity', 'Electricity') 
insert into Categories values(3, 'Restaurants', 'Restaurants') 
insert into Categories values(4, 'Vacations', 'Vacations') 
create table Coupons(
ID int primary key auto_increment,
Company_ID int NOT NULL,
foreign key (Company_ID) references Companies(ID),
Category_ID int NOT NULL,
foreign key (Category_ID) references Categories(ID),
Title varchar(255),
Description varchar(255),
Start_Date date,
End_Date date,
Amount integer,
Price double,
Image varchar(255)
) 
create table Customers_VS_Coupons(
Customer_id int NOT NULL,
foreign key (Customer_id) references Customers(ID),
Coupon_id int NOT NULL,
foreign key (Coupon_id) references Coupons(ID)
) 

-------
26/53/2022 18:53:46
-------

create schema CouponSystem 
use CouponSystem 
create table Companies(
ID int primary key auto_increment, 
name varchar(255),
email varchar(255), 
password varchar(255)
) 
create table Customers(
ID int primary key auto_increment,
First_Name varchar(255),
Last_Name varchar(255),
Email varchar(255),
password varchar(255)
) 
create table Categories(
ID int primary key auto_increment,
Name varchar(255),
Category enum('Food', 'Electricity', 'Restaurants', 'Vacations')
) 
insert into Categories values(1, 'Food', 'Food') 
insert into Categories values(2, 'Electricity', 'Electricity') 
insert into Categories values(3, 'Restaurants', 'Restaurants') 
insert into Categories values(4, 'Vacations', 'Vacations') 
create table Coupons(
ID int primary key auto_increment,
Company_ID int NOT NULL,
foreign key (Company_ID) references Companies(ID),
Category_ID int NOT NULL,
foreign key (Category_ID) references Categories(ID),
Title varchar(255),
Description varchar(255),
Start_Date date,
End_Date date,
Amount integer,
Price double,
Image varchar(255)
) 
create table Customers_VS_Coupons(
Customer_id int NOT NULL,
foreign key (Customer_id) references Customers(ID),
Coupon_id int NOT NULL,
foreign key (Coupon_id) references Coupons(ID)
) 

-------
26/55/2022 18:55:17
-------

create schema CouponSystem 
use CouponSystem 
create table Companies(
ID int primary key auto_increment, 
name varchar(255),
email varchar(255), 
password varchar(255)
) 
create table Customers(
ID int primary key auto_increment,
First_Name varchar(255),
Last_Name varchar(255),
Email varchar(255),
password varchar(255)
) 
create table Categories(
ID int primary key auto_increment,
Name varchar(255),
Category enum('Food', 'Electricity', 'Restaurants', 'Vacations')
) 
insert into Categories values(1, 'Food', 'Food') 
insert into Categories values(2, 'Electricity', 'Electricity') 
insert into Categories values(3, 'Restaurants', 'Restaurants') 
insert into Categories values(4, 'Vacations', 'Vacations') 
create table Coupons(
ID int primary key auto_increment,
Company_ID int NOT NULL,
foreign key (Company_ID) references Companies(ID),
Category_ID int NOT NULL,
foreign key (Category_ID) references Categories(ID),
Title varchar(255),
Description varchar(255),
Start_Date date,
End_Date date,
Amount integer,
Price double,
Image varchar(255)
) 
create table Customers_VS_Coupons(
Customer_id int NOT NULL,
foreign key (Customer_id) references Customers(ID),
Coupon_id int NOT NULL,
foreign key (Coupon_id) references Coupons(ID)
) 

-------
26/22/2022 19:22:19
-------

create schema CouponSystem 
use CouponSystem 
create table Companies(
ID int primary key auto_increment, 
name varchar(255),
email varchar(255), 
password varchar(255)
) 
create table Customers(
ID int primary key auto_increment,
First_Name varchar(255),
Last_Name varchar(255),
Email varchar(255),
password varchar(255)
) 
create table Categories(
ID int primary key auto_increment,
Name varchar(255),
Category enum('Food', 'Electricity', 'Restaurants', 'Vacations')
) 
insert into Categories values(1, 'Food', 'Food') 
insert into Categories values(2, 'Electricity', 'Electricity') 
insert into Categories values(3, 'Restaurants', 'Restaurants') 
insert into Categories values(4, 'Vacations', 'Vacations') 
create table Coupons(
ID int primary key auto_increment,
Company_ID int NOT NULL,
foreign key (Company_ID) references Companies(ID),
Category_ID int NOT NULL,
foreign key (Category_ID) references Categories(ID),
Title varchar(255),
Description varchar(255),
Start_Date date,
End_Date date,
Amount integer,
Price double,
Image varchar(255)
) 
create table Customers_VS_Coupons(
Customer_id int NOT NULL,
foreign key (Customer_id) references Customers(ID),
Coupon_id int NOT NULL,
foreign key (Coupon_id) references Coupons(ID)
) 
