
-------
26/19/2022 17:19:11
-------

Error executing 'create schema CouponSystem ' (line 1): Can't create database 'couponsystem'; database exists

-------
26/28/2022 17:28:16
-------

Error executing 'create schema CouponSystem ' (line 1): Can't create database 'couponsystem'; database exists
Error executing 'create table Companies(
ID int primary key auto_increment, 
name varchar(255),
email varchar(255), 
password varchar(255)
) ' (line 8): Table 'companies' already exists
Error executing 'create table Customers(
ID int primary key auto_increment,
First_Name varchar(255),
Last_Name varchar(255),
Email varchar(255),
password varchar(255)
) ' (line 16): Table 'customers' already exists
Error executing 'create table Categories(
ID int primary key auto_increment,
Name varchar(255),
Category enum('Food', 'Electricity', 'Restaurants', 'Vacations')
) ' (line 22): Table 'categories' already exists
Error executing 'insert into Categories values(1, 'Food', 'Food') ' (line 24): Duplicate entry '1' for key 'categories.PRIMARY'
Error executing 'insert into Categories values(2, 'Electricity', 'Electricity') ' (line 25): Duplicate entry '2' for key 'categories.PRIMARY'
Error executing 'insert into Categories values(3, 'Restaurants', 'Restaurants') ' (line 26): Duplicate entry '3' for key 'categories.PRIMARY'
Error executing 'insert into Categories values(4, 'Vacations', 'Vacations') ' (line 27): Duplicate entry '4' for key 'categories.PRIMARY'
Error executing 'create table Coupons(
ID int primary key auto_increment,
Company_ID int NOT NULL,
foreign key (Company_ID) references Companies(ID),
Category_ID int NOT NULL,
foreign key (Category_ID) references Categories(ID),
Title varchar(255),
Description varchar(255),
Start_Date date,
End_Date date,
Amount integer,
Price double,
Image varchar(255)
) ' (line 42): Table 'coupons' already exists
Error executing 'create table Customers_VS_Coupons(
Customer_id int NOT NULL,
foreign key (Customer_id) references Customers(ID),
Coupon_id int NOT NULL,
foreign key (Coupon_id) references Coupons(ID)
) ' (line 51): Table 'customers_vs_coupons' already exists

-------
26/16/2022 18:16:20
-------

Error executing 'create schema CouponSystem ' (line 1): Can't create database 'couponsystem'; database exists
Error executing 'create table Companies(
ID int primary key auto_increment, 
name varchar(255),
email varchar(255), 
password varchar(255)
) ' (line 8): Table 'companies' already exists
Error executing 'create table Customers(
ID int primary key auto_increment,
First_Name varchar(255),
Last_Name varchar(255),
Email varchar(255),
password varchar(255)
) ' (line 16): Table 'customers' already exists
Error executing 'create table Categories(
ID int primary key auto_increment,
Name varchar(255),
Category enum('Food', 'Electricity', 'Restaurants', 'Vacations')
) ' (line 22): Table 'categories' already exists
Error executing 'insert into Categories values(1, 'Food', 'Food') ' (line 24): Duplicate entry '1' for key 'categories.PRIMARY'
Error executing 'insert into Categories values(2, 'Electricity', 'Electricity') ' (line 25): Duplicate entry '2' for key 'categories.PRIMARY'
Error executing 'insert into Categories values(3, 'Restaurants', 'Restaurants') ' (line 26): Duplicate entry '3' for key 'categories.PRIMARY'
Error executing 'insert into Categories values(4, 'Vacations', 'Vacations') ' (line 27): Duplicate entry '4' for key 'categories.PRIMARY'
Error executing 'create table Coupons(
ID int primary key auto_increment,
Company_ID int NOT NULL,
foreign key (Company_ID) references Companies(ID),
Category_ID int NOT NULL,
foreign key (Category_ID) references Categories(ID),
Title varchar(255),
Description varchar(255),
Start_Date date,
End_Date date,
Amount integer,
Price double,
Image varchar(255)
) ' (line 42): Table 'coupons' already exists
Error executing 'create table Customers_VS_Coupons(
Customer_id int NOT NULL,
foreign key (Customer_id) references Customers(ID),
Coupon_id int NOT NULL,
foreign key (Coupon_id) references Coupons(ID)
) ' (line 51): Table 'customers_vs_coupons' already exists

-------
26/26/2022 18:26:10
-------

Error executing 'create schema CouponSystem ' (line 1): Can't create database 'couponsystem'; database exists

-------
26/30/2022 18:30:37
-------

Error executing 'create schema CouponSystem ' (line 1): Can't create database 'couponsystem'; database exists
Error executing 'create table Companies(
ID int primary key auto_increment, 
name varchar(255),
email varchar(255), 
password varchar(255)
) ' (line 8): Table 'companies' already exists
Error executing 'create table Customers(
ID int primary key auto_increment,
First_Name varchar(255),
Last_Name varchar(255),
Email varchar(255),
password varchar(255)
) ' (line 16): Table 'customers' already exists
Error executing 'create table Categories(
ID int primary key auto_increment,
Name varchar(255),
Category enum('Food', 'Electricity', 'Restaurants', 'Vacations')
) ' (line 22): Table 'categories' already exists
Error executing 'insert into Categories values(1, 'Food', 'Food') ' (line 24): Duplicate entry '1' for key 'categories.PRIMARY'
Error executing 'insert into Categories values(2, 'Electricity', 'Electricity') ' (line 25): Duplicate entry '2' for key 'categories.PRIMARY'
Error executing 'insert into Categories values(3, 'Restaurants', 'Restaurants') ' (line 26): Duplicate entry '3' for key 'categories.PRIMARY'
Error executing 'insert into Categories values(4, 'Vacations', 'Vacations') ' (line 27): Duplicate entry '4' for key 'categories.PRIMARY'
Error executing 'create table Coupons(
ID int primary key auto_increment,
Company_ID int NOT NULL,
foreign key (Company_ID) references Companies(ID),
Category_ID int NOT NULL,
foreign key (Category_ID) references Categories(ID),
Title varchar(255),
Description varchar(255),
Start_Date date,
End_Date date,
Amount integer,
Price double,
Image varchar(255)
) ' (line 42): Table 'coupons' already exists
Error executing 'create table Customers_VS_Coupons(
Customer_id int NOT NULL,
foreign key (Customer_id) references Customers(ID),
Coupon_id int NOT NULL,
foreign key (Coupon_id) references Coupons(ID)
) ' (line 51): Table 'customers_vs_coupons' already exists

-------
26/43/2022 18:43:27
-------

Error executing 'create schema CouponSystem ' (line 1): Can't create database 'couponsystem'; database exists
Error executing 'create table Companies(
ID int primary key auto_increment, 
name varchar(255),
email varchar(255), 
password varchar(255)
) ' (line 8): Table 'companies' already exists
Error executing 'create table Customers(
ID int primary key auto_increment,
First_Name varchar(255),
Last_Name varchar(255),
Email varchar(255),
password varchar(255)
) ' (line 16): Table 'customers' already exists
Error executing 'create table Categories(
ID int primary key auto_increment,
Name varchar(255),
Category enum('Food', 'Electricity', 'Restaurants', 'Vacations')
) ' (line 22): Table 'categories' already exists
Error executing 'insert into Categories values(1, 'Food', 'Food') ' (line 24): Duplicate entry '1' for key 'categories.PRIMARY'
Error executing 'insert into Categories values(2, 'Electricity', 'Electricity') ' (line 25): Duplicate entry '2' for key 'categories.PRIMARY'
Error executing 'insert into Categories values(3, 'Restaurants', 'Restaurants') ' (line 26): Duplicate entry '3' for key 'categories.PRIMARY'
Error executing 'insert into Categories values(4, 'Vacations', 'Vacations') ' (line 27): Duplicate entry '4' for key 'categories.PRIMARY'
Error executing 'create table Coupons(
ID int primary key auto_increment,
Company_ID int NOT NULL,
foreign key (Company_ID) references Companies(ID),
Category_ID int NOT NULL,
foreign key (Category_ID) references Categories(ID),
Title varchar(255),
Description varchar(255),
Start_Date date,
End_Date date,
Amount integer,
Price double,
Image varchar(255)
) ' (line 42): Table 'coupons' already exists
Error executing 'create table Customers_VS_Coupons(
Customer_id int NOT NULL,
foreign key (Customer_id) references Customers(ID),
Coupon_id int NOT NULL,
foreign key (Coupon_id) references Coupons(ID)
) ' (line 51): Table 'customers_vs_coupons' already exists

-------
26/44/2022 18:44:39
-------

Error executing 'create schema CouponSystem ' (line 1): Can't create database 'couponsystem'; database exists
Error executing 'create table Companies(
ID int primary key auto_increment, 
name varchar(255),
email varchar(255), 
password varchar(255)
) ' (line 8): Table 'companies' already exists
Error executing 'create table Customers(
ID int primary key auto_increment,
First_Name varchar(255),
Last_Name varchar(255),
Email varchar(255),
password varchar(255)
) ' (line 16): Table 'customers' already exists
Error executing 'create table Categories(
ID int primary key auto_increment,
Name varchar(255),
Category enum('Food', 'Electricity', 'Restaurants', 'Vacations')
) ' (line 22): Table 'categories' already exists
Error executing 'insert into Categories values(1, 'Food', 'Food') ' (line 24): Duplicate entry '1' for key 'categories.PRIMARY'
Error executing 'insert into Categories values(2, 'Electricity', 'Electricity') ' (line 25): Duplicate entry '2' for key 'categories.PRIMARY'
Error executing 'insert into Categories values(3, 'Restaurants', 'Restaurants') ' (line 26): Duplicate entry '3' for key 'categories.PRIMARY'
Error executing 'insert into Categories values(4, 'Vacations', 'Vacations') ' (line 27): Duplicate entry '4' for key 'categories.PRIMARY'
Error executing 'create table Coupons(
ID int primary key auto_increment,
Company_ID int NOT NULL,
foreign key (Company_ID) references Companies(ID),
Category_ID int NOT NULL,
foreign key (Category_ID) references Categories(ID),
Title varchar(255),
Description varchar(255),
Start_Date date,
End_Date date,
Amount integer,
Price double,
Image varchar(255)
) ' (line 42): Table 'coupons' already exists
Error executing 'create table Customers_VS_Coupons(
Customer_id int NOT NULL,
foreign key (Customer_id) references Customers(ID),
Coupon_id int NOT NULL,
foreign key (Coupon_id) references Coupons(ID)
) ' (line 51): Table 'customers_vs_coupons' already exists

-------
26/45/2022 18:45:55
-------

Error executing 'create schema CouponSystem ' (line 1): Can't create database 'couponsystem'; database exists
Error executing 'create table Companies(
ID int primary key auto_increment, 
name varchar(255),
email varchar(255), 
password varchar(255)
) ' (line 8): Table 'companies' already exists
Error executing 'create table Customers(
ID int primary key auto_increment,
First_Name varchar(255),
Last_Name varchar(255),
Email varchar(255),
password varchar(255)
) ' (line 16): Table 'customers' already exists
Error executing 'create table Categories(
ID int primary key auto_increment,
Name varchar(255),
Category enum('Food', 'Electricity', 'Restaurants', 'Vacations')
) ' (line 22): Table 'categories' already exists
Error executing 'insert into Categories values(1, 'Food', 'Food') ' (line 24): Duplicate entry '1' for key 'categories.PRIMARY'
Error executing 'insert into Categories values(2, 'Electricity', 'Electricity') ' (line 25): Duplicate entry '2' for key 'categories.PRIMARY'
Error executing 'insert into Categories values(3, 'Restaurants', 'Restaurants') ' (line 26): Duplicate entry '3' for key 'categories.PRIMARY'
Error executing 'insert into Categories values(4, 'Vacations', 'Vacations') ' (line 27): Duplicate entry '4' for key 'categories.PRIMARY'
Error executing 'create table Coupons(
ID int primary key auto_increment,
Company_ID int NOT NULL,
foreign key (Company_ID) references Companies(ID),
Category_ID int NOT NULL,
foreign key (Category_ID) references Categories(ID),
Title varchar(255),
Description varchar(255),
Start_Date date,
End_Date date,
Amount integer,
Price double,
Image varchar(255)
) ' (line 42): Table 'coupons' already exists
Error executing 'create table Customers_VS_Coupons(
Customer_id int NOT NULL,
foreign key (Customer_id) references Customers(ID),
Coupon_id int NOT NULL,
foreign key (Coupon_id) references Coupons(ID)
) ' (line 51): Table 'customers_vs_coupons' already exists

-------
26/47/2022 18:47:56
-------

Error executing 'create schema CouponSystem ' (line 1): Can't create database 'couponsystem'; database exists
Error executing 'create table Companies(
ID int primary key auto_increment, 
name varchar(255),
email varchar(255), 
password varchar(255)
) ' (line 8): Table 'companies' already exists
Error executing 'create table Customers(
ID int primary key auto_increment,
First_Name varchar(255),
Last_Name varchar(255),
Email varchar(255),
password varchar(255)
) ' (line 16): Table 'customers' already exists
Error executing 'create table Categories(
ID int primary key auto_increment,
Name varchar(255),
Category enum('Food', 'Electricity', 'Restaurants', 'Vacations')
) ' (line 22): Table 'categories' already exists
Error executing 'insert into Categories values(1, 'Food', 'Food') ' (line 24): Duplicate entry '1' for key 'categories.PRIMARY'
Error executing 'insert into Categories values(2, 'Electricity', 'Electricity') ' (line 25): Duplicate entry '2' for key 'categories.PRIMARY'
Error executing 'insert into Categories values(3, 'Restaurants', 'Restaurants') ' (line 26): Duplicate entry '3' for key 'categories.PRIMARY'
Error executing 'insert into Categories values(4, 'Vacations', 'Vacations') ' (line 27): Duplicate entry '4' for key 'categories.PRIMARY'
Error executing 'create table Coupons(
ID int primary key auto_increment,
Company_ID int NOT NULL,
foreign key (Company_ID) references Companies(ID),
Category_ID int NOT NULL,
foreign key (Category_ID) references Categories(ID),
Title varchar(255),
Description varchar(255),
Start_Date date,
End_Date date,
Amount integer,
Price double,
Image varchar(255)
) ' (line 42): Table 'coupons' already exists
Error executing 'create table Customers_VS_Coupons(
Customer_id int NOT NULL,
foreign key (Customer_id) references Customers(ID),
Coupon_id int NOT NULL,
foreign key (Coupon_id) references Coupons(ID)
) ' (line 51): Table 'customers_vs_coupons' already exists

-------
26/48/2022 18:48:37
-------

Error executing 'create schema CouponSystem ' (line 1): Can't create database 'couponsystem'; database exists
Error executing 'create table Companies(
ID int primary key auto_increment, 
name varchar(255),
email varchar(255), 
password varchar(255)
) ' (line 8): Table 'companies' already exists
Error executing 'create table Customers(
ID int primary key auto_increment,
First_Name varchar(255),
Last_Name varchar(255),
Email varchar(255),
password varchar(255)
) ' (line 16): Table 'customers' already exists
Error executing 'create table Categories(
ID int primary key auto_increment,
Name varchar(255),
Category enum('Food', 'Electricity', 'Restaurants', 'Vacations')
) ' (line 22): Table 'categories' already exists
Error executing 'insert into Categories values(1, 'Food', 'Food') ' (line 24): Duplicate entry '1' for key 'categories.PRIMARY'
Error executing 'insert into Categories values(2, 'Electricity', 'Electricity') ' (line 25): Duplicate entry '2' for key 'categories.PRIMARY'
Error executing 'insert into Categories values(3, 'Restaurants', 'Restaurants') ' (line 26): Duplicate entry '3' for key 'categories.PRIMARY'
Error executing 'insert into Categories values(4, 'Vacations', 'Vacations') ' (line 27): Duplicate entry '4' for key 'categories.PRIMARY'
Error executing 'create table Coupons(
ID int primary key auto_increment,
Company_ID int NOT NULL,
foreign key (Company_ID) references Companies(ID),
Category_ID int NOT NULL,
foreign key (Category_ID) references Categories(ID),
Title varchar(255),
Description varchar(255),
Start_Date date,
End_Date date,
Amount integer,
Price double,
Image varchar(255)
) ' (line 42): Table 'coupons' already exists
Error executing 'create table Customers_VS_Coupons(
Customer_id int NOT NULL,
foreign key (Customer_id) references Customers(ID),
Coupon_id int NOT NULL,
foreign key (Coupon_id) references Coupons(ID)
) ' (line 51): Table 'customers_vs_coupons' already exists

-------
26/50/2022 18:50:24
-------


-------
26/52/2022 18:52:30
-------


-------
26/53/2022 18:53:46
-------


-------
26/55/2022 18:55:17
-------


-------
26/22/2022 19:22:19
-------

